<?xml version="1.0" encoding="UTF-8"?>
<testsuite xmlns:xsi="http://www.w3.org/2001/XMLSchema-instance" xsi:noNamespaceSchemaLocation="https://maven.apache.org/surefire/maven-surefire-plugin/xsd/surefire-test-report.xsd" name="br.ufrn.isaackennedy.authserver.AuthServerApplicationTests" time="2.778" tests="1" errors="1" skipped="0" failures="0">
  <properties>
    <property name="sun.desktop" value="windows"/>
    <property name="awt.toolkit" value="sun.awt.windows.WToolkit"/>
    <property name="jdk.extensions.version" value="11.0.10.0"/>
    <property name="file.encoding.pkg" value="sun.io"/>
    <property name="java.specification.version" value="11"/>
    <property name="sun.jnu.encoding" value="Cp1252"/>
    <property name="java.class.path" value="D:\Projetos\blockchain-voting-system\auth-server\target\test-classes;D:\Projetos\blockchain-voting-system\auth-server\target\classes;C:\Users\isaac\.m2\repository\org\springframework\boot\spring-boot-starter-data-jpa\2.6.3\spring-boot-starter-data-jpa-2.6.3.jar;C:\Users\isaac\.m2\repository\org\springframework\boot\spring-boot-starter-aop\2.6.3\spring-boot-starter-aop-2.6.3.jar;C:\Users\isaac\.m2\repository\org\aspectj\aspectjweaver\1.9.7\aspectjweaver-1.9.7.jar;C:\Users\isaac\.m2\repository\org\springframework\boot\spring-boot-starter-jdbc\2.6.3\spring-boot-starter-jdbc-2.6.3.jar;C:\Users\isaac\.m2\repository\com\zaxxer\HikariCP\4.0.3\HikariCP-4.0.3.jar;C:\Users\isaac\.m2\repository\org\springframework\spring-jdbc\5.3.15\spring-jdbc-5.3.15.jar;C:\Users\isaac\.m2\repository\jakarta\transaction\jakarta.transaction-api\1.3.3\jakarta.transaction-api-1.3.3.jar;C:\Users\isaac\.m2\repository\jakarta\persistence\jakarta.persistence-api\2.2.3\jakarta.persistence-api-2.2.3.jar;C:\Users\isaac\.m2\repository\org\hibernate\hibernate-core\5.6.4.Final\hibernate-core-5.6.4.Final.jar;C:\Users\isaac\.m2\repository\net\bytebuddy\byte-buddy\1.11.22\byte-buddy-1.11.22.jar;C:\Users\isaac\.m2\repository\antlr\antlr\2.7.7\antlr-2.7.7.jar;C:\Users\isaac\.m2\repository\org\jboss\jandex\2.4.2.Final\jandex-2.4.2.Final.jar;C:\Users\isaac\.m2\repository\org\hibernate\common\hibernate-commons-annotations\5.1.2.Final\hibernate-commons-annotations-5.1.2.Final.jar;C:\Users\isaac\.m2\repository\org\glassfish\jaxb\jaxb-runtime\2.3.5\jaxb-runtime-2.3.5.jar;C:\Users\isaac\.m2\repository\org\glassfish\jaxb\txw2\2.3.5\txw2-2.3.5.jar;C:\Users\isaac\.m2\repository\com\sun\istack\istack-commons-runtime\3.0.12\istack-commons-runtime-3.0.12.jar;C:\Users\isaac\.m2\repository\com\sun\activation\jakarta.activation\1.2.2\jakarta.activation-1.2.2.jar;C:\Users\isaac\.m2\repository\org\springframework\data\spring-data-jpa\2.6.1\spring-data-jpa-2.6.1.jar;C:\Users\isaac\.m2\repository\org\springframework\data\spring-data-commons\2.6.1\spring-data-commons-2.6.1.jar;C:\Users\isaac\.m2\repository\org\springframework\spring-orm\5.3.15\spring-orm-5.3.15.jar;C:\Users\isaac\.m2\repository\org\springframework\spring-context\5.3.15\spring-context-5.3.15.jar;C:\Users\isaac\.m2\repository\org\springframework\spring-tx\5.3.15\spring-tx-5.3.15.jar;C:\Users\isaac\.m2\repository\org\springframework\spring-beans\5.3.15\spring-beans-5.3.15.jar;C:\Users\isaac\.m2\repository\org\slf4j\slf4j-api\1.7.33\slf4j-api-1.7.33.jar;C:\Users\isaac\.m2\repository\org\springframework\spring-aspects\5.3.15\spring-aspects-5.3.15.jar;C:\Users\isaac\.m2\repository\org\springframework\boot\spring-boot-starter-data-rest\2.6.3\spring-boot-starter-data-rest-2.6.3.jar;C:\Users\isaac\.m2\repository\org\springframework\data\spring-data-rest-webmvc\3.6.1\spring-data-rest-webmvc-3.6.1.jar;C:\Users\isaac\.m2\repository\org\springframework\data\spring-data-rest-core\3.6.1\spring-data-rest-core-3.6.1.jar;C:\Users\isaac\.m2\repository\org\springframework\hateoas\spring-hateoas\1.4.1\spring-hateoas-1.4.1.jar;C:\Users\isaac\.m2\repository\org\springframework\plugin\spring-plugin-core\2.0.0.RELEASE\spring-plugin-core-2.0.0.RELEASE.jar;C:\Users\isaac\.m2\repository\org\atteo\evo-inflector\1.3\evo-inflector-1.3.jar;C:\Users\isaac\.m2\repository\com\fasterxml\jackson\core\jackson-databind\2.13.1\jackson-databind-2.13.1.jar;C:\Users\isaac\.m2\repository\com\fasterxml\jackson\core\jackson-core\2.13.1\jackson-core-2.13.1.jar;C:\Users\isaac\.m2\repository\com\fasterxml\jackson\core\jackson-annotations\2.13.1\jackson-annotations-2.13.1.jar;C:\Users\isaac\.m2\repository\org\springframework\boot\spring-boot-starter-security\2.6.3\spring-boot-starter-security-2.6.3.jar;C:\Users\isaac\.m2\repository\org\springframework\boot\spring-boot-starter\2.6.3\spring-boot-starter-2.6.3.jar;C:\Users\isaac\.m2\repository\org\springframework\boot\spring-boot-starter-logging\2.6.3\spring-boot-starter-logging-2.6.3.jar;C:\Users\isaac\.m2\repository\ch\qos\logback\logback-classic\1.2.10\logback-classic-1.2.10.jar;C:\Users\isaac\.m2\repository\ch\qos\logback\logback-core\1.2.10\logback-core-1.2.10.jar;C:\Users\isaac\.m2\repository\org\apache\logging\log4j\log4j-to-slf4j\2.17.1\log4j-to-slf4j-2.17.1.jar;C:\Users\isaac\.m2\repository\org\apache\logging\log4j\log4j-api\2.17.1\log4j-api-2.17.1.jar;C:\Users\isaac\.m2\repository\org\slf4j\jul-to-slf4j\1.7.33\jul-to-slf4j-1.7.33.jar;C:\Users\isaac\.m2\repository\jakarta\annotation\jakarta.annotation-api\1.3.5\jakarta.annotation-api-1.3.5.jar;C:\Users\isaac\.m2\repository\org\yaml\snakeyaml\1.29\snakeyaml-1.29.jar;C:\Users\isaac\.m2\repository\org\springframework\spring-aop\5.3.15\spring-aop-5.3.15.jar;C:\Users\isaac\.m2\repository\org\springframework\security\spring-security-config\5.6.1\spring-security-config-5.6.1.jar;C:\Users\isaac\.m2\repository\org\springframework\security\spring-security-web\5.6.1\spring-security-web-5.6.1.jar;C:\Users\isaac\.m2\repository\org\springframework\spring-expression\5.3.15\spring-expression-5.3.15.jar;C:\Users\isaac\.m2\repository\org\springframework\boot\spring-boot-starter-web\2.6.3\spring-boot-starter-web-2.6.3.jar;C:\Users\isaac\.m2\repository\org\springframework\boot\spring-boot-starter-json\2.6.3\spring-boot-starter-json-2.6.3.jar;C:\Users\isaac\.m2\repository\com\fasterxml\jackson\datatype\jackson-datatype-jdk8\2.13.1\jackson-datatype-jdk8-2.13.1.jar;C:\Users\isaac\.m2\repository\com\fasterxml\jackson\datatype\jackson-datatype-jsr310\2.13.1\jackson-datatype-jsr310-2.13.1.jar;C:\Users\isaac\.m2\repository\com\fasterxml\jackson\module\jackson-module-parameter-names\2.13.1\jackson-module-parameter-names-2.13.1.jar;C:\Users\isaac\.m2\repository\org\springframework\boot\spring-boot-starter-tomcat\2.6.3\spring-boot-starter-tomcat-2.6.3.jar;C:\Users\isaac\.m2\repository\org\apache\tomcat\embed\tomcat-embed-core\9.0.56\tomcat-embed-core-9.0.56.jar;C:\Users\isaac\.m2\repository\org\apache\tomcat\embed\tomcat-embed-el\9.0.56\tomcat-embed-el-9.0.56.jar;C:\Users\isaac\.m2\repository\org\apache\tomcat\embed\tomcat-embed-websocket\9.0.56\tomcat-embed-websocket-9.0.56.jar;C:\Users\isaac\.m2\repository\org\springframework\spring-web\5.3.15\spring-web-5.3.15.jar;C:\Users\isaac\.m2\repository\org\springframework\spring-webmvc\5.3.15\spring-webmvc-5.3.15.jar;C:\Users\isaac\.m2\repository\org\springframework\boot\spring-boot-devtools\2.6.3\spring-boot-devtools-2.6.3.jar;C:\Users\isaac\.m2\repository\org\springframework\boot\spring-boot\2.6.3\spring-boot-2.6.3.jar;C:\Users\isaac\.m2\repository\org\springframework\boot\spring-boot-autoconfigure\2.6.3\spring-boot-autoconfigure-2.6.3.jar;C:\Users\isaac\.m2\repository\org\postgresql\postgresql\42.3.1\postgresql-42.3.1.jar;C:\Users\isaac\.m2\repository\org\checkerframework\checker-qual\3.5.0\checker-qual-3.5.0.jar;C:\Users\isaac\.m2\repository\org\springframework\boot\spring-boot-configuration-processor\2.6.3\spring-boot-configuration-processor-2.6.3.jar;C:\Users\isaac\.m2\repository\org\projectlombok\lombok\1.18.22\lombok-1.18.22.jar;C:\Users\isaac\.m2\repository\org\springframework\boot\spring-boot-starter-test\2.6.3\spring-boot-starter-test-2.6.3.jar;C:\Users\isaac\.m2\repository\org\springframework\boot\spring-boot-test\2.6.3\spring-boot-test-2.6.3.jar;C:\Users\isaac\.m2\repository\org\springframework\boot\spring-boot-test-autoconfigure\2.6.3\spring-boot-test-autoconfigure-2.6.3.jar;C:\Users\isaac\.m2\repository\com\jayway\jsonpath\json-path\2.6.0\json-path-2.6.0.jar;C:\Users\isaac\.m2\repository\net\minidev\json-smart\2.4.7\json-smart-2.4.7.jar;C:\Users\isaac\.m2\repository\net\minidev\accessors-smart\2.4.7\accessors-smart-2.4.7.jar;C:\Users\isaac\.m2\repository\org\ow2\asm\asm\9.1\asm-9.1.jar;C:\Users\isaac\.m2\repository\jakarta\xml\bind\jakarta.xml.bind-api\2.3.3\jakarta.xml.bind-api-2.3.3.jar;C:\Users\isaac\.m2\repository\jakarta\activation\jakarta.activation-api\1.2.2\jakarta.activation-api-1.2.2.jar;C:\Users\isaac\.m2\repository\org\assertj\assertj-core\3.21.0\assertj-core-3.21.0.jar;C:\Users\isaac\.m2\repository\org\hamcrest\hamcrest\2.2\hamcrest-2.2.jar;C:\Users\isaac\.m2\repository\org\junit\jupiter\junit-jupiter\5.8.2\junit-jupiter-5.8.2.jar;C:\Users\isaac\.m2\repository\org\junit\jupiter\junit-jupiter-api\5.8.2\junit-jupiter-api-5.8.2.jar;C:\Users\isaac\.m2\repository\org\opentest4j\opentest4j\1.2.0\opentest4j-1.2.0.jar;C:\Users\isaac\.m2\repository\org\junit\platform\junit-platform-commons\1.8.2\junit-platform-commons-1.8.2.jar;C:\Users\isaac\.m2\repository\org\apiguardian\apiguardian-api\1.1.2\apiguardian-api-1.1.2.jar;C:\Users\isaac\.m2\repository\org\junit\jupiter\junit-jupiter-params\5.8.2\junit-jupiter-params-5.8.2.jar;C:\Users\isaac\.m2\repository\org\junit\jupiter\junit-jupiter-engine\5.8.2\junit-jupiter-engine-5.8.2.jar;C:\Users\isaac\.m2\repository\org\junit\platform\junit-platform-engine\1.8.2\junit-platform-engine-1.8.2.jar;C:\Users\isaac\.m2\repository\org\mockito\mockito-core\4.0.0\mockito-core-4.0.0.jar;C:\Users\isaac\.m2\repository\net\bytebuddy\byte-buddy-agent\1.11.22\byte-buddy-agent-1.11.22.jar;C:\Users\isaac\.m2\repository\org\objenesis\objenesis\3.2\objenesis-3.2.jar;C:\Users\isaac\.m2\repository\org\mockito\mockito-junit-jupiter\4.0.0\mockito-junit-jupiter-4.0.0.jar;C:\Users\isaac\.m2\repository\org\skyscreamer\jsonassert\1.5.0\jsonassert-1.5.0.jar;C:\Users\isaac\.m2\repository\com\vaadin\external\google\android-json\0.0.20131108.vaadin1\android-json-0.0.20131108.vaadin1.jar;C:\Users\isaac\.m2\repository\org\springframework\spring-core\5.3.15\spring-core-5.3.15.jar;C:\Users\isaac\.m2\repository\org\springframework\spring-jcl\5.3.15\spring-jcl-5.3.15.jar;C:\Users\isaac\.m2\repository\org\springframework\spring-test\5.3.15\spring-test-5.3.15.jar;C:\Users\isaac\.m2\repository\org\xmlunit\xmlunit-core\2.8.4\xmlunit-core-2.8.4.jar;C:\Users\isaac\.m2\repository\org\springframework\security\spring-security-test\5.6.1\spring-security-test-5.6.1.jar;C:\Users\isaac\.m2\repository\org\springframework\security\spring-security-core\5.6.1\spring-security-core-5.6.1.jar;C:\Users\isaac\.m2\repository\org\springframework\security\spring-security-crypto\5.6.1\spring-security-crypto-5.6.1.jar;C:\Users\isaac\.m2\repository\org\hibernate\validator\hibernate-validator\7.0.1.Final\hibernate-validator-7.0.1.Final.jar;C:\Users\isaac\.m2\repository\jakarta\validation\jakarta.validation-api\2.0.2\jakarta.validation-api-2.0.2.jar;C:\Users\isaac\.m2\repository\org\jboss\logging\jboss-logging\3.4.3.Final\jboss-logging-3.4.3.Final.jar;C:\Users\isaac\.m2\repository\com\fasterxml\classmate\1.5.1\classmate-1.5.1.jar;"/>
    <property name="java.vm.vendor" value="Eclipse OpenJ9"/>
    <property name="sun.arch.data.model" value="64"/>
    <property name="com.ibm.vm.bitmode" value="64"/>
    <property name="user.variant" value=""/>
    <property name="com.ibm.oti.vm.library.version" value="29"/>
    <property name="java.vendor.url" value="https://adoptopenjdk.net/"/>
    <property name="user.timezone" value="America/Cayenne"/>
    <property name="os.name" value="Windows 10"/>
    <property name="java.vm.specification.version" value="11"/>
    <property name="sun.java.launcher" value="SUN_STANDARD"/>
    <property name="user.country" value="BR"/>
    <property name="sun.boot.library.path" value="C:\Program Files\AdoptOpenJDK\jdk-11.0.10.9-openj9\bin\compressedrefs;C:\Program Files\AdoptOpenJDK\jdk-11.0.10.9-openj9\bin"/>
    <property name="sun.java.command" value="C:\Users\isaac\AppData\Local\Temp\surefire7807906398175020590\surefirebooter1549181792499782674.jar C:\Users\isaac\AppData\Local\Temp\surefire7807906398175020590 2022-02-15T17-49-58_090-jvmRun1 surefire8121308982469777749tmp surefire_02000495992293401892tmp"/>
    <property name="surefire.test.class.path" value="D:\Projetos\blockchain-voting-system\auth-server\target\test-classes;D:\Projetos\blockchain-voting-system\auth-server\target\classes;C:\Users\isaac\.m2\repository\org\springframework\boot\spring-boot-starter-data-jpa\2.6.3\spring-boot-starter-data-jpa-2.6.3.jar;C:\Users\isaac\.m2\repository\org\springframework\boot\spring-boot-starter-aop\2.6.3\spring-boot-starter-aop-2.6.3.jar;C:\Users\isaac\.m2\repository\org\aspectj\aspectjweaver\1.9.7\aspectjweaver-1.9.7.jar;C:\Users\isaac\.m2\repository\org\springframework\boot\spring-boot-starter-jdbc\2.6.3\spring-boot-starter-jdbc-2.6.3.jar;C:\Users\isaac\.m2\repository\com\zaxxer\HikariCP\4.0.3\HikariCP-4.0.3.jar;C:\Users\isaac\.m2\repository\org\springframework\spring-jdbc\5.3.15\spring-jdbc-5.3.15.jar;C:\Users\isaac\.m2\repository\jakarta\transaction\jakarta.transaction-api\1.3.3\jakarta.transaction-api-1.3.3.jar;C:\Users\isaac\.m2\repository\jakarta\persistence\jakarta.persistence-api\2.2.3\jakarta.persistence-api-2.2.3.jar;C:\Users\isaac\.m2\repository\org\hibernate\hibernate-core\5.6.4.Final\hibernate-core-5.6.4.Final.jar;C:\Users\isaac\.m2\repository\net\bytebuddy\byte-buddy\1.11.22\byte-buddy-1.11.22.jar;C:\Users\isaac\.m2\repository\antlr\antlr\2.7.7\antlr-2.7.7.jar;C:\Users\isaac\.m2\repository\org\jboss\jandex\2.4.2.Final\jandex-2.4.2.Final.jar;C:\Users\isaac\.m2\repository\org\hibernate\common\hibernate-commons-annotations\5.1.2.Final\hibernate-commons-annotations-5.1.2.Final.jar;C:\Users\isaac\.m2\repository\org\glassfish\jaxb\jaxb-runtime\2.3.5\jaxb-runtime-2.3.5.jar;C:\Users\isaac\.m2\repository\org\glassfish\jaxb\txw2\2.3.5\txw2-2.3.5.jar;C:\Users\isaac\.m2\repository\com\sun\istack\istack-commons-runtime\3.0.12\istack-commons-runtime-3.0.12.jar;C:\Users\isaac\.m2\repository\com\sun\activation\jakarta.activation\1.2.2\jakarta.activation-1.2.2.jar;C:\Users\isaac\.m2\repository\org\springframework\data\spring-data-jpa\2.6.1\spring-data-jpa-2.6.1.jar;C:\Users\isaac\.m2\repository\org\springframework\data\spring-data-commons\2.6.1\spring-data-commons-2.6.1.jar;C:\Users\isaac\.m2\repository\org\springframework\spring-orm\5.3.15\spring-orm-5.3.15.jar;C:\Users\isaac\.m2\repository\org\springframework\spring-context\5.3.15\spring-context-5.3.15.jar;C:\Users\isaac\.m2\repository\org\springframework\spring-tx\5.3.15\spring-tx-5.3.15.jar;C:\Users\isaac\.m2\repository\org\springframework\spring-beans\5.3.15\spring-beans-5.3.15.jar;C:\Users\isaac\.m2\repository\org\slf4j\slf4j-api\1.7.33\slf4j-api-1.7.33.jar;C:\Users\isaac\.m2\repository\org\springframework\spring-aspects\5.3.15\spring-aspects-5.3.15.jar;C:\Users\isaac\.m2\repository\org\springframework\boot\spring-boot-starter-data-rest\2.6.3\spring-boot-starter-data-rest-2.6.3.jar;C:\Users\isaac\.m2\repository\org\springframework\data\spring-data-rest-webmvc\3.6.1\spring-data-rest-webmvc-3.6.1.jar;C:\Users\isaac\.m2\repository\org\springframework\data\spring-data-rest-core\3.6.1\spring-data-rest-core-3.6.1.jar;C:\Users\isaac\.m2\repository\org\springframework\hateoas\spring-hateoas\1.4.1\spring-hateoas-1.4.1.jar;C:\Users\isaac\.m2\repository\org\springframework\plugin\spring-plugin-core\2.0.0.RELEASE\spring-plugin-core-2.0.0.RELEASE.jar;C:\Users\isaac\.m2\repository\org\atteo\evo-inflector\1.3\evo-inflector-1.3.jar;C:\Users\isaac\.m2\repository\com\fasterxml\jackson\core\jackson-databind\2.13.1\jackson-databind-2.13.1.jar;C:\Users\isaac\.m2\repository\com\fasterxml\jackson\core\jackson-core\2.13.1\jackson-core-2.13.1.jar;C:\Users\isaac\.m2\repository\com\fasterxml\jackson\core\jackson-annotations\2.13.1\jackson-annotations-2.13.1.jar;C:\Users\isaac\.m2\repository\org\springframework\boot\spring-boot-starter-security\2.6.3\spring-boot-starter-security-2.6.3.jar;C:\Users\isaac\.m2\repository\org\springframework\boot\spring-boot-starter\2.6.3\spring-boot-starter-2.6.3.jar;C:\Users\isaac\.m2\repository\org\springframework\boot\spring-boot-starter-logging\2.6.3\spring-boot-starter-logging-2.6.3.jar;C:\Users\isaac\.m2\repository\ch\qos\logback\logback-classic\1.2.10\logback-classic-1.2.10.jar;C:\Users\isaac\.m2\repository\ch\qos\logback\logback-core\1.2.10\logback-core-1.2.10.jar;C:\Users\isaac\.m2\repository\org\apache\logging\log4j\log4j-to-slf4j\2.17.1\log4j-to-slf4j-2.17.1.jar;C:\Users\isaac\.m2\repository\org\apache\logging\log4j\log4j-api\2.17.1\log4j-api-2.17.1.jar;C:\Users\isaac\.m2\repository\org\slf4j\jul-to-slf4j\1.7.33\jul-to-slf4j-1.7.33.jar;C:\Users\isaac\.m2\repository\jakarta\annotation\jakarta.annotation-api\1.3.5\jakarta.annotation-api-1.3.5.jar;C:\Users\isaac\.m2\repository\org\yaml\snakeyaml\1.29\snakeyaml-1.29.jar;C:\Users\isaac\.m2\repository\org\springframework\spring-aop\5.3.15\spring-aop-5.3.15.jar;C:\Users\isaac\.m2\repository\org\springframework\security\spring-security-config\5.6.1\spring-security-config-5.6.1.jar;C:\Users\isaac\.m2\repository\org\springframework\security\spring-security-web\5.6.1\spring-security-web-5.6.1.jar;C:\Users\isaac\.m2\repository\org\springframework\spring-expression\5.3.15\spring-expression-5.3.15.jar;C:\Users\isaac\.m2\repository\org\springframework\boot\spring-boot-starter-web\2.6.3\spring-boot-starter-web-2.6.3.jar;C:\Users\isaac\.m2\repository\org\springframework\boot\spring-boot-starter-json\2.6.3\spring-boot-starter-json-2.6.3.jar;C:\Users\isaac\.m2\repository\com\fasterxml\jackson\datatype\jackson-datatype-jdk8\2.13.1\jackson-datatype-jdk8-2.13.1.jar;C:\Users\isaac\.m2\repository\com\fasterxml\jackson\datatype\jackson-datatype-jsr310\2.13.1\jackson-datatype-jsr310-2.13.1.jar;C:\Users\isaac\.m2\repository\com\fasterxml\jackson\module\jackson-module-parameter-names\2.13.1\jackson-module-parameter-names-2.13.1.jar;C:\Users\isaac\.m2\repository\org\springframework\boot\spring-boot-starter-tomcat\2.6.3\spring-boot-starter-tomcat-2.6.3.jar;C:\Users\isaac\.m2\repository\org\apache\tomcat\embed\tomcat-embed-core\9.0.56\tomcat-embed-core-9.0.56.jar;C:\Users\isaac\.m2\repository\org\apache\tomcat\embed\tomcat-embed-el\9.0.56\tomcat-embed-el-9.0.56.jar;C:\Users\isaac\.m2\repository\org\apache\tomcat\embed\tomcat-embed-websocket\9.0.56\tomcat-embed-websocket-9.0.56.jar;C:\Users\isaac\.m2\repository\org\springframework\spring-web\5.3.15\spring-web-5.3.15.jar;C:\Users\isaac\.m2\repository\org\springframework\spring-webmvc\5.3.15\spring-webmvc-5.3.15.jar;C:\Users\isaac\.m2\repository\org\springframework\boot\spring-boot-devtools\2.6.3\spring-boot-devtools-2.6.3.jar;C:\Users\isaac\.m2\repository\org\springframework\boot\spring-boot\2.6.3\spring-boot-2.6.3.jar;C:\Users\isaac\.m2\repository\org\springframework\boot\spring-boot-autoconfigure\2.6.3\spring-boot-autoconfigure-2.6.3.jar;C:\Users\isaac\.m2\repository\org\postgresql\postgresql\42.3.1\postgresql-42.3.1.jar;C:\Users\isaac\.m2\repository\org\checkerframework\checker-qual\3.5.0\checker-qual-3.5.0.jar;C:\Users\isaac\.m2\repository\org\springframework\boot\spring-boot-configuration-processor\2.6.3\spring-boot-configuration-processor-2.6.3.jar;C:\Users\isaac\.m2\repository\org\projectlombok\lombok\1.18.22\lombok-1.18.22.jar;C:\Users\isaac\.m2\repository\org\springframework\boot\spring-boot-starter-test\2.6.3\spring-boot-starter-test-2.6.3.jar;C:\Users\isaac\.m2\repository\org\springframework\boot\spring-boot-test\2.6.3\spring-boot-test-2.6.3.jar;C:\Users\isaac\.m2\repository\org\springframework\boot\spring-boot-test-autoconfigure\2.6.3\spring-boot-test-autoconfigure-2.6.3.jar;C:\Users\isaac\.m2\repository\com\jayway\jsonpath\json-path\2.6.0\json-path-2.6.0.jar;C:\Users\isaac\.m2\repository\net\minidev\json-smart\2.4.7\json-smart-2.4.7.jar;C:\Users\isaac\.m2\repository\net\minidev\accessors-smart\2.4.7\accessors-smart-2.4.7.jar;C:\Users\isaac\.m2\repository\org\ow2\asm\asm\9.1\asm-9.1.jar;C:\Users\isaac\.m2\repository\jakarta\xml\bind\jakarta.xml.bind-api\2.3.3\jakarta.xml.bind-api-2.3.3.jar;C:\Users\isaac\.m2\repository\jakarta\activation\jakarta.activation-api\1.2.2\jakarta.activation-api-1.2.2.jar;C:\Users\isaac\.m2\repository\org\assertj\assertj-core\3.21.0\assertj-core-3.21.0.jar;C:\Users\isaac\.m2\repository\org\hamcrest\hamcrest\2.2\hamcrest-2.2.jar;C:\Users\isaac\.m2\repository\org\junit\jupiter\junit-jupiter\5.8.2\junit-jupiter-5.8.2.jar;C:\Users\isaac\.m2\repository\org\junit\jupiter\junit-jupiter-api\5.8.2\junit-jupiter-api-5.8.2.jar;C:\Users\isaac\.m2\repository\org\opentest4j\opentest4j\1.2.0\opentest4j-1.2.0.jar;C:\Users\isaac\.m2\repository\org\junit\platform\junit-platform-commons\1.8.2\junit-platform-commons-1.8.2.jar;C:\Users\isaac\.m2\repository\org\apiguardian\apiguardian-api\1.1.2\apiguardian-api-1.1.2.jar;C:\Users\isaac\.m2\repository\org\junit\jupiter\junit-jupiter-params\5.8.2\junit-jupiter-params-5.8.2.jar;C:\Users\isaac\.m2\repository\org\junit\jupiter\junit-jupiter-engine\5.8.2\junit-jupiter-engine-5.8.2.jar;C:\Users\isaac\.m2\repository\org\junit\platform\junit-platform-engine\1.8.2\junit-platform-engine-1.8.2.jar;C:\Users\isaac\.m2\repository\org\mockito\mockito-core\4.0.0\mockito-core-4.0.0.jar;C:\Users\isaac\.m2\repository\net\bytebuddy\byte-buddy-agent\1.11.22\byte-buddy-agent-1.11.22.jar;C:\Users\isaac\.m2\repository\org\objenesis\objenesis\3.2\objenesis-3.2.jar;C:\Users\isaac\.m2\repository\org\mockito\mockito-junit-jupiter\4.0.0\mockito-junit-jupiter-4.0.0.jar;C:\Users\isaac\.m2\repository\org\skyscreamer\jsonassert\1.5.0\jsonassert-1.5.0.jar;C:\Users\isaac\.m2\repository\com\vaadin\external\google\android-json\0.0.20131108.vaadin1\android-json-0.0.20131108.vaadin1.jar;C:\Users\isaac\.m2\repository\org\springframework\spring-core\5.3.15\spring-core-5.3.15.jar;C:\Users\isaac\.m2\repository\org\springframework\spring-jcl\5.3.15\spring-jcl-5.3.15.jar;C:\Users\isaac\.m2\repository\org\springframework\spring-test\5.3.15\spring-test-5.3.15.jar;C:\Users\isaac\.m2\repository\org\xmlunit\xmlunit-core\2.8.4\xmlunit-core-2.8.4.jar;C:\Users\isaac\.m2\repository\org\springframework\security\spring-security-test\5.6.1\spring-security-test-5.6.1.jar;C:\Users\isaac\.m2\repository\org\springframework\security\spring-security-core\5.6.1\spring-security-core-5.6.1.jar;C:\Users\isaac\.m2\repository\org\springframework\security\spring-security-crypto\5.6.1\spring-security-crypto-5.6.1.jar;C:\Users\isaac\.m2\repository\org\hibernate\validator\hibernate-validator\7.0.1.Final\hibernate-validator-7.0.1.Final.jar;C:\Users\isaac\.m2\repository\jakarta\validation\jakarta.validation-api\2.0.2\jakarta.validation-api-2.0.2.jar;C:\Users\isaac\.m2\repository\org\jboss\logging\jboss-logging\3.4.3.Final\jboss-logging-3.4.3.Final.jar;C:\Users\isaac\.m2\repository\com\fasterxml\classmate\1.5.1\classmate-1.5.1.jar;"/>
    <property name="sun.cpu.endian" value="little"/>
    <property name="user.home" value="C:\Users\isaac"/>
    <property name="user.language" value="pt"/>
    <property name="java.specification.vendor" value="Oracle Corporation"/>
    <property name="java.version.date" value="2021-01-19"/>
    <property name="java.home" value="C:\Program Files\AdoptOpenJDK\jdk-11.0.10.9-openj9"/>
    <property name="ibm.signalhandling.rs" value="false"/>
    <property name="file.separator" value="\"/>
    <property name="jdk.extensions.name" value="Extensions for OpenJDK for Eclipse OpenJ9"/>
    <property name="basedir" value="D:\Projetos\blockchain-voting-system\auth-server"/>
    <property name="line.separator" value="&#10;"/>
    <property name="java.vm.specification.vendor" value="Oracle Corporation"/>
    <property name="java.specification.name" value="Java Platform API Specification"/>
    <property name="java.compiler" value="j9jit29"/>
    <property name="com.ibm.util.extralibs.properties" value=""/>
    <property name="java.awt.graphicsenv" value="sun.awt.Win32GraphicsEnvironment"/>
    <property name="com.ibm.oti.configuration" value="scar"/>
    <property name="java.awt.fonts" value=""/>
    <property name="surefire.real.class.path" value="C:\Users\isaac\AppData\Local\Temp\surefire7807906398175020590\surefirebooter1549181792499782674.jar"/>
    <property name="com.ibm.oti.shared.enabled" value="false"/>
    <property name="com.ibm.oti.vm.bootstrap.library.path" value="C:\Program Files\AdoptOpenJDK\jdk-11.0.10.9-openj9\bin\compressedrefs;C:\Program Files\AdoptOpenJDK\jdk-11.0.10.9-openj9\bin"/>
    <property name="com.ibm.cpu.endian" value="little"/>
    <property name="java.fullversion" value="11.0.10+9&#10;JRE 11 Windows 10 amd64-64-Bit Compressed References 20210120_899 (JIT enabled, AOT enabled)&#10;OpenJ9   - 345e1b09e&#10;OMR      - 741e94ea8&#10;JCL      - 0a86953833 based on jdk-11.0.10+9"/>
    <property name="java.runtime.version" value="11.0.10+9"/>
    <property name="user.name" value="isaac"/>
    <property name="path.separator" value=";"/>
    <property name="os.version" value="10.0"/>
    <property name="java.runtime.name" value="OpenJDK Runtime Environment"/>
    <property name="ibm.signalhandling.sigint" value="true"/>
    <property name="file.encoding" value="Cp1252"/>
    <property name="java.vm.name" value="Eclipse OpenJ9 VM"/>
    <property name="java.vendor.version" value="AdoptOpenJDK"/>
    <property name="ibm.signalhandling.sigchain" value="true"/>
    <property name="localRepository" value="C:\Users\isaac\.m2\repository"/>
    <property name="java.vendor.url.bug" value="https://github.com/AdoptOpenJDK/openjdk-support/issues"/>
    <property name="java.io.tmpdir" value="C:\Users\isaac\AppData\Local\Temp\"/>
    <property name="idea.version" value="2021.1.3"/>
    <property name="java.version" value="11.0.10"/>
    <property name="com.ibm.system.agent.path" value="C:\Program Files\AdoptOpenJDK\jdk-11.0.10.9-openj9\bin"/>
    <property name="user.dir" value="D:\Projetos\blockchain-voting-system\auth-server"/>
    <property name="os.arch" value="amd64"/>
    <property name="java.vm.specification.name" value="Java Virtual Machine Specification"/>
    <property name="java.awt.printerjob" value="sun.awt.windows.WPrinterJob"/>
    <property name="os.encoding" value="UTF8"/>
    <property name="java.library.path" value="C:\Program Files\AdoptOpenJDK\jdk-11.0.10.9-openj9\bin\compressedrefs;C:\Program Files\AdoptOpenJDK\jdk-11.0.10.9-openj9\bin;C:\WINDOWS\system32;C:\WINDOWS;c:\program files (x86)\common files\oracle\java\javapath;c:\program files\adoptopenjdk\jdk-8.0.242.08-hotspot\\bin;c:\windows\system32;c:\windows;c:\windows\system32\wbem;c:\windows\system32\windowspowershell\v1.0\;c:\windows\system32\openssh\;c:\program files\nvidia corporation\nvidia nvdlisr;c:\program files\putty\;c:\users\isaac\appdata\local\android\sdk\tools;c:\users\isaac\appdata\local\android\sdk\platform-tools;c:\windows\system32;c:\windows;c:\windows\system32\wbem;c:\windows\system32\windowspowershell\v1.0\;c:\windows\system32\openssh\;c:\program files (x86)\yarn\bin\;c:\users\isaac\appdata\roaming\nvm;c:\program files\nodejs;c:\program files\postgresql\12\bin;c:\program files\dotnet\;c:\program files\microsoft sql server\130\tools\binn\;C:\Program Files (x86)\NVIDIA Corporation\PhysX\Common;C:\Users\isaac\.windows-build-tools\python27\;C:\Users\isaac\AppData\Local\Programs\Python\Python38-32\Scripts\;C:\Users\isaac\AppData\Local\Programs\Python\Python38-32\;c:\windows\system32;c:\windows;c:\windows\system32\wbem;c:\windows\system32\windowspowershell\v1.0\;c:\windows\system32\openssh\;c:\program files\putty\;c:\program files\nvidia corporation\nvidia nvdlisr;C:\Program Files (x86)\NVIDIA Corporation\PhysX\Common;C:\Users\isaac\AppData\Local\Microsoft\WindowsApps;C:\Users\isaac\adb;C:\Users\isaac\AppData\Local\Programs\Microsoft VS Code\bin;C:\Program Files\JetBrains\DataGrip 2019.3.4\bin;C:\Program Files\JetBrains\IntelliJ IDEA 2019.1.3\bin;C:\src\flutter\bin;C:\Program Files\Git\bin;C:\Program Files\heroku\bin;C:\xampp\mysql\bin;C:\Program Files\JetBrains\WebStorm 2019.3.3\bin;C:\Users\isaac\AppData\Local\Yarn\bin;C:\Users\isaac\AppData\Local\Microsoft\WindowsApps;C:\Users\isaac\AppData\Local\Android\Sdk\tools\bin;C:\Users\isaac\AppData\Roaming\nvm;C:\Program Files\nodejs;C:\Users\isaac\AppData\Local\Yarn\Data\global\node_modules\.bin;C:\sqlite;C:\Users\isaac\AppData\Roaming\npm;C:\Users\isaac\AppData\Local\hyper\app-3.0.2\resources\bin;;C:\Program Files\Azure Data Studio\bin;C:\Users\isaac\.dotnet\tools;C:\Program Files (x86)\GitHub CLI\;C:\texlive\2021\bin\win32;."/>
    <property name="java.vendor" value="AdoptOpenJDK"/>
    <property name="java.vm.info" value="JRE 11 Windows 10 amd64-64-Bit Compressed References 20210120_899 (JIT enabled, AOT enabled)&#10;OpenJ9   - 345e1b09e&#10;OMR      - 741e94ea8&#10;JCL      - 0a86953833 based on jdk-11.0.10+9"/>
    <property name="java.vm.version" value="openj9-0.24.0"/>
    <property name="com.ibm.jcl.checkClassPath" value=""/>
    <property name="ibm.system.encoding" value="Cp1252"/>
    <property name="sun.io.unicode.encoding" value="UnicodeLittle"/>
    <property name="java.class.version" value="55.0"/>
  </properties>
  <testcase name="contextLoads" classname="br.ufrn.isaackennedy.authserver.AuthServerApplicationTests" time="0.003">
    <error message="Failed to load ApplicationContext" type="java.lang.IllegalStateException">java.lang.IllegalStateException: Failed to load ApplicationContext
Caused by: org.springframework.beans.factory.UnsatisfiedDependencyException: Error creating bean with name 'dataSourceScriptDatabaseInitializer' defined in class path resource [org/springframework/boot/autoconfigure/sql/init/DataSourceInitializationConfiguration.class]: Unsatisfied dependency expressed through method 'dataSourceScriptDatabaseInitializer' parameter 0; nested exception is org.springframework.beans.factory.BeanCreationException: Error creating bean with name 'dataSource' defined in class path resource [org/springframework/boot/autoconfigure/jdbc/DataSourceConfiguration$Hikari.class]: Bean instantiation via factory method failed; nested exception is org.springframework.beans.BeanInstantiationException: Failed to instantiate [com.zaxxer.hikari.HikariDataSource]: Factory method 'dataSource' threw exception; nested exception is org.springframework.boot.autoconfigure.jdbc.DataSourceProperties$DataSourceBeanCreationException: Failed to determine a suitable driver class
Caused by: org.springframework.beans.factory.BeanCreationException: Error creating bean with name 'dataSource' defined in class path resource [org/springframework/boot/autoconfigure/jdbc/DataSourceConfiguration$Hikari.class]: Bean instantiation via factory method failed; nested exception is org.springframework.beans.BeanInstantiationException: Failed to instantiate [com.zaxxer.hikari.HikariDataSource]: Factory method 'dataSource' threw exception; nested exception is org.springframework.boot.autoconfigure.jdbc.DataSourceProperties$DataSourceBeanCreationException: Failed to determine a suitable driver class
Caused by: org.springframework.beans.BeanInstantiationException: Failed to instantiate [com.zaxxer.hikari.HikariDataSource]: Factory method 'dataSource' threw exception; nested exception is org.springframework.boot.autoconfigure.jdbc.DataSourceProperties$DataSourceBeanCreationException: Failed to determine a suitable driver class
Caused by: org.springframework.boot.autoconfigure.jdbc.DataSourceProperties$DataSourceBeanCreationException: Failed to determine a suitable driver class
</error>
    <system-out><![CDATA[17:49:59.954 [main] DEBUG org.springframework.test.context.BootstrapUtils - Instantiating CacheAwareContextLoaderDelegate from class [org.springframework.test.context.cache.DefaultCacheAwareContextLoaderDelegate]
17:49:59.969 [main] DEBUG org.springframework.test.context.BootstrapUtils - Instantiating BootstrapContext using constructor [public org.springframework.test.context.support.DefaultBootstrapContext(java.lang.Class,org.springframework.test.context.CacheAwareContextLoaderDelegate)]
17:50:00.018 [main] DEBUG org.springframework.test.context.BootstrapUtils - Instantiating TestContextBootstrapper for test class [br.ufrn.isaackennedy.authserver.AuthServerApplicationTests] from class [org.springframework.boot.test.context.SpringBootTestContextBootstrapper]
17:50:00.040 [main] INFO org.springframework.boot.test.context.SpringBootTestContextBootstrapper - Neither @ContextConfiguration nor @ContextHierarchy found for test class [br.ufrn.isaackennedy.authserver.AuthServerApplicationTests], using SpringBootContextLoader
17:50:00.046 [main] DEBUG org.springframework.test.context.support.AbstractContextLoader - Did not detect default resource location for test class [br.ufrn.isaackennedy.authserver.AuthServerApplicationTests]: class path resource [br/ufrn/isaackennedy/authserver/AuthServerApplicationTests-context.xml] does not exist
17:50:00.047 [main] DEBUG org.springframework.test.context.support.AbstractContextLoader - Did not detect default resource location for test class [br.ufrn.isaackennedy.authserver.AuthServerApplicationTests]: class path resource [br/ufrn/isaackennedy/authserver/AuthServerApplicationTestsContext.groovy] does not exist
17:50:00.048 [main] INFO org.springframework.test.context.support.AbstractContextLoader - Could not detect default resource locations for test class [br.ufrn.isaackennedy.authserver.AuthServerApplicationTests]: no resource found for suffixes {-context.xml, Context.groovy}.
17:50:00.051 [main] INFO org.springframework.test.context.support.AnnotationConfigContextLoaderUtils - Could not detect default configuration classes for test class [br.ufrn.isaackennedy.authserver.AuthServerApplicationTests]: AuthServerApplicationTests does not declare any static, non-private, non-final, nested classes annotated with @Configuration.
17:50:00.117 [main] DEBUG org.springframework.test.context.support.ActiveProfilesUtils - Could not find an 'annotation declaring class' for annotation type [org.springframework.test.context.ActiveProfiles] and class [br.ufrn.isaackennedy.authserver.AuthServerApplicationTests]
17:50:00.197 [main] DEBUG org.springframework.context.annotation.ClassPathScanningCandidateComponentProvider - Identified candidate component class: file [D:\Projetos\blockchain-voting-system\auth-server\target\classes\br\ufrn\isaackennedy\authserver\AuthServerApplication.class]
17:50:00.199 [main] INFO org.springframework.boot.test.context.SpringBootTestContextBootstrapper - Found @SpringBootConfiguration br.ufrn.isaackennedy.authserver.AuthServerApplication for test class br.ufrn.isaackennedy.authserver.AuthServerApplicationTests
17:50:00.339 [main] DEBUG org.springframework.boot.test.context.SpringBootTestContextBootstrapper - @TestExecutionListeners is not present for class [br.ufrn.isaackennedy.authserver.AuthServerApplicationTests]: using defaults.
17:50:00.340 [main] INFO org.springframework.boot.test.context.SpringBootTestContextBootstrapper - Loaded default TestExecutionListener class names from location [META-INF/spring.factories]: [org.springframework.boot.test.mock.mockito.MockitoTestExecutionListener, org.springframework.boot.test.mock.mockito.ResetMocksTestExecutionListener, org.springframework.boot.test.autoconfigure.restdocs.RestDocsTestExecutionListener, org.springframework.boot.test.autoconfigure.web.client.MockRestServiceServerResetTestExecutionListener, org.springframework.boot.test.autoconfigure.web.servlet.MockMvcPrintOnlyOnFailureTestExecutionListener, org.springframework.boot.test.autoconfigure.web.servlet.WebDriverTestExecutionListener, org.springframework.boot.test.autoconfigure.webservices.client.MockWebServiceServerTestExecutionListener, org.springframework.test.context.web.ServletTestExecutionListener, org.springframework.test.context.support.DirtiesContextBeforeModesTestExecutionListener, org.springframework.test.context.event.ApplicationEventsTestExecutionListener, org.springframework.test.context.support.DependencyInjectionTestExecutionListener, org.springframework.test.context.support.DirtiesContextTestExecutionListener, org.springframework.test.context.transaction.TransactionalTestExecutionListener, org.springframework.test.context.jdbc.SqlScriptsTestExecutionListener, org.springframework.test.context.event.EventPublishingTestExecutionListener, org.springframework.security.test.context.support.WithSecurityContextTestExecutionListener, org.springframework.security.test.context.support.ReactorContextTestExecutionListener]
17:50:00.369 [main] INFO org.springframework.boot.test.context.SpringBootTestContextBootstrapper - Using TestExecutionListeners: [org.springframework.test.context.web.ServletTestExecutionListener@ee16918f, org.springframework.test.context.support.DirtiesContextBeforeModesTestExecutionListener@10b02f4c, org.springframework.test.context.event.ApplicationEventsTestExecutionListener@ab7000c3, org.springframework.boot.test.mock.mockito.MockitoTestExecutionListener@2ab4fb44, org.springframework.boot.test.autoconfigure.SpringBootDependencyInjectionTestExecutionListener@9beef884, org.springframework.test.context.support.DirtiesContextTestExecutionListener@58a3e5d9, org.springframework.test.context.transaction.TransactionalTestExecutionListener@1fbb3316, org.springframework.test.context.jdbc.SqlScriptsTestExecutionListener@54cefbef, org.springframework.test.context.event.EventPublishingTestExecutionListener@a0526fe7, org.springframework.security.test.context.support.WithSecurityContextTestExecutionListener@b415beb4, org.springframework.security.test.context.support.ReactorContextTestExecutionListener@604df18, org.springframework.boot.test.mock.mockito.ResetMocksTestExecutionListener@7d13f83c, org.springframework.boot.test.autoconfigure.restdocs.RestDocsTestExecutionListener@9f25c92a, org.springframework.boot.test.autoconfigure.web.client.MockRestServiceServerResetTestExecutionListener@be2bc94b, org.springframework.boot.test.autoconfigure.web.servlet.MockMvcPrintOnlyOnFailureTestExecutionListener@e6691479, org.springframework.boot.test.autoconfigure.web.servlet.WebDriverTestExecutionListener@a474799f, org.springframework.boot.test.autoconfigure.webservices.client.MockWebServiceServerTestExecutionListener@7ede5169]
17:50:00.376 [main] DEBUG org.springframework.test.context.support.AbstractDirtiesContextTestExecutionListener - Before test class: context [DefaultTestContext@40dd31c8 testClass = AuthServerApplicationTests, testInstance = [null], testMethod = [null], testException = [null], mergedContextConfiguration = [WebMergedContextConfiguration@286a3f50 testClass = AuthServerApplicationTests, locations = '{}', classes = '{class br.ufrn.isaackennedy.authserver.AuthServerApplication}', contextInitializerClasses = '[]', activeProfiles = '{}', propertySourceLocations = '{}', propertySourceProperties = '{org.springframework.boot.test.context.SpringBootTestContextBootstrapper=true}', contextCustomizers = set[org.springframework.boot.test.context.filter.ExcludeFilterContextCustomizer@5d3580b6, org.springframework.boot.test.json.DuplicateJsonObjectContextCustomizerFactory$DuplicateJsonObjectContextCustomizer@135b7083, org.springframework.boot.test.mock.mockito.MockitoContextCustomizer@0, org.springframework.boot.test.web.client.TestRestTemplateContextCustomizer@3a487c2a, org.springframework.boot.test.autoconfigure.actuate.metrics.MetricsExportContextCustomizerFactory$DisableMetricExportContextCustomizer@86bedc66, org.springframework.boot.test.autoconfigure.properties.PropertyMappingContextCustomizer@0, org.springframework.boot.test.autoconfigure.web.servlet.WebDriverContextCustomizerFactory$Customizer@f2019ad, org.springframework.boot.test.context.SpringBootTestArgs@1, org.springframework.boot.test.context.SpringBootTestWebEnvironment@d46b8761], resourceBasePath = 'src/main/webapp', contextLoader = 'org.springframework.boot.test.context.SpringBootContextLoader', parent = [null]], attributes = map['org.springframework.test.context.web.ServletTestExecutionListener.activateListener' -> true]], class annotated with @DirtiesContext [false] with mode [null].

  .   ____          _            __ _ _
 /\\ / ___'_ __ _ _(_)_ __  __ _ \ \ \ \
( ( )\___ | '_ | '_| | '_ \/ _` | \ \ \ \
 \\/  ___)| |_)| | | | | || (_| |  ) ) ) )
  '  |____| .__|_| |_|_| |_\__, | / / / /
 =========|_|==============|___/=/_/_/_/
 :: Spring Boot ::                (v2.6.3)

2022-02-15 17:50:00.833  INFO 8432 --- [           main] b.u.i.a.AuthServerApplicationTests       : Starting AuthServerApplicationTests using Java 11.0.10 on Notebook-Isaac with PID 8432 (started by isaac in D:\Projetos\blockchain-voting-system\auth-server)
2022-02-15 17:50:00.836  INFO 8432 --- [           main] b.u.i.a.AuthServerApplicationTests       : No active profile set, falling back to default profiles: default
2022-02-15 17:50:01.788  INFO 8432 --- [           main] .s.d.r.c.RepositoryConfigurationDelegate : Bootstrapping Spring Data JPA repositories in DEFAULT mode.
2022-02-15 17:50:01.812  INFO 8432 --- [           main] .s.d.r.c.RepositoryConfigurationDelegate : Finished Spring Data repository scanning in 7 ms. Found 0 JPA repository interfaces.
2022-02-15 17:50:02.551  WARN 8432 --- [           main] o.s.w.c.s.GenericWebApplicationContext   : Exception encountered during context initialization - cancelling refresh attempt: org.springframework.beans.factory.UnsatisfiedDependencyException: Error creating bean with name 'dataSourceScriptDatabaseInitializer' defined in class path resource [org/springframework/boot/autoconfigure/sql/init/DataSourceInitializationConfiguration.class]: Unsatisfied dependency expressed through method 'dataSourceScriptDatabaseInitializer' parameter 0; nested exception is org.springframework.beans.factory.BeanCreationException: Error creating bean with name 'dataSource' defined in class path resource [org/springframework/boot/autoconfigure/jdbc/DataSourceConfiguration$Hikari.class]: Bean instantiation via factory method failed; nested exception is org.springframework.beans.BeanInstantiationException: Failed to instantiate [com.zaxxer.hikari.HikariDataSource]: Factory method 'dataSource' threw exception; nested exception is org.springframework.boot.autoconfigure.jdbc.DataSourceProperties$DataSourceBeanCreationException: Failed to determine a suitable driver class
2022-02-15 17:50:02.564  INFO 8432 --- [           main] ConditionEvaluationReportLoggingListener : 

Error starting ApplicationContext. To display the conditions report re-run your application with 'debug' enabled.
2022-02-15 17:50:02.593 ERROR 8432 --- [           main] o.s.b.d.LoggingFailureAnalysisReporter   : 

***************************
APPLICATION FAILED TO START
***************************

Description:

Failed to configure a DataSource: 'url' attribute is not specified and no embedded datasource could be configured.

Reason: Failed to determine a suitable driver class


Action:

Consider the following:
	If you want an embedded database (H2, HSQL or Derby), please put it on the classpath.
	If you have database settings to be loaded from a particular profile you may need to activate it (no profiles are currently active).

2022-02-15 17:50:02.604 ERROR 8432 --- [           main] o.s.test.context.TestContextManager      : Caught exception while allowing TestExecutionListener [org.springframework.test.context.web.ServletTestExecutionListener@ee16918f] to prepare test instance [br.ufrn.isaackennedy.authserver.AuthServerApplicationTests@b432c8c4]

java.lang.IllegalStateException: Failed to load ApplicationContext
	at org.springframework.test.context.cache.DefaultCacheAwareContextLoaderDelegate.loadContext(DefaultCacheAwareContextLoaderDelegate.java:132) ~[spring-test-5.3.15.jar:5.3.15]
	at org.springframework.test.context.support.DefaultTestContext.getApplicationContext(DefaultTestContext.java:124) ~[spring-test-5.3.15.jar:5.3.15]
	at org.springframework.test.context.web.ServletTestExecutionListener.setUpRequestContextIfNecessary(ServletTestExecutionListener.java:190) ~[spring-test-5.3.15.jar:5.3.15]
	at org.springframework.test.context.web.ServletTestExecutionListener.prepareTestInstance(ServletTestExecutionListener.java:132) ~[spring-test-5.3.15.jar:5.3.15]
	at org.springframework.test.context.TestContextManager.prepareTestInstance(TestContextManager.java:248) ~[spring-test-5.3.15.jar:5.3.15]
	at org.springframework.test.context.junit.jupiter.SpringExtension.postProcessTestInstance(SpringExtension.java:138) ~[spring-test-5.3.15.jar:5.3.15]
	at org.junit.jupiter.engine.descriptor.ClassBasedTestDescriptor.lambda$invokeTestInstancePostProcessors$8(ClassBasedTestDescriptor.java:363) ~[junit-jupiter-engine-5.8.2.jar:5.8.2]
	at org.junit.jupiter.engine.descriptor.ClassBasedTestDescriptor$$Lambda$394/0x0000000000000000.execute(Unknown Source) ~[na:na]
	at org.junit.jupiter.engine.descriptor.ClassBasedTestDescriptor.executeAndMaskThrowable(ClassBasedTestDescriptor.java:368) ~[junit-jupiter-engine-5.8.2.jar:5.8.2]
	at org.junit.jupiter.engine.descriptor.ClassBasedTestDescriptor.lambda$invokeTestInstancePostProcessors$9(ClassBasedTestDescriptor.java:363) ~[junit-jupiter-engine-5.8.2.jar:5.8.2]
	at org.junit.jupiter.engine.descriptor.ClassBasedTestDescriptor$$Lambda$393/0x0000000000000000.accept(Unknown Source) ~[na:na]
	at java.base/java.util.stream.StreamSpliterators$WrappingSpliterator$$Lambda$143/0x0000000000000000.accept(Unknown Source) ~[na:na]
	at java.base/java.util.stream.ReferencePipeline$3$1.accept(ReferencePipeline.java:195) ~[na:na]
	at java.base/java.util.stream.ReferencePipeline$2$1.accept(ReferencePipeline.java:177) ~[na:na]
	at java.base/java.util.ArrayList$ArrayListSpliterator.forEachRemaining(ArrayList.java:1655) ~[na:na]
	at java.base/java.util.stream.AbstractPipeline.copyInto(AbstractPipeline.java:497) ~[na:na]
	at java.base/java.util.stream.AbstractPipeline.wrapAndCopyInto(AbstractPipeline.java:487) ~[na:na]
	at java.base/java.util.stream.StreamSpliterators$WrappingSpliterator.forEachRemaining(StreamSpliterators.java:312) ~[na:na]
	at java.base/java.util.stream.Streams$ConcatSpliterator.forEachRemaining(Streams.java:740) ~[na:na]
	at java.base/java.util.stream.Streams$ConcatSpliterator.forEachRemaining(Streams.java:739) ~[na:na]
	at java.base/java.util.stream.ReferencePipeline$Head.forEach(ReferencePipeline.java:658) ~[na:na]
	at org.junit.jupiter.engine.descriptor.ClassBasedTestDescriptor.invokeTestInstancePostProcessors(ClassBasedTestDescriptor.java:362) ~[junit-jupiter-engine-5.8.2.jar:5.8.2]
	at org.junit.jupiter.engine.descriptor.ClassBasedTestDescriptor.lambda$instantiateAndPostProcessTestInstance$6(ClassBasedTestDescriptor.java:283) ~[junit-jupiter-engine-5.8.2.jar:5.8.2]
	at org.junit.jupiter.engine.descriptor.ClassBasedTestDescriptor$$Lambda$392/0x0000000000000000.execute(Unknown Source) ~[na:na]
	at org.junit.platform.engine.support.hierarchical.ThrowableCollector.execute(ThrowableCollector.java:73) ~[junit-platform-engine-1.8.2.jar:1.8.2]
	at org.junit.jupiter.engine.descriptor.ClassBasedTestDescriptor.instantiateAndPostProcessTestInstance(ClassBasedTestDescriptor.java:282) ~[junit-jupiter-engine-5.8.2.jar:5.8.2]
	at org.junit.jupiter.engine.descriptor.ClassBasedTestDescriptor.lambda$testInstancesProvider$4(ClassBasedTestDescriptor.java:272) ~[junit-jupiter-engine-5.8.2.jar:5.8.2]
	at org.junit.jupiter.engine.descriptor.ClassBasedTestDescriptor$$Lambda$387/0x0000000000000000.get(Unknown Source) ~[na:na]
	at java.base/java.util.Optional.orElseGet(Optional.java:369) ~[na:na]
	at org.junit.jupiter.engine.descriptor.ClassBasedTestDescriptor.lambda$testInstancesProvider$5(ClassBasedTestDescriptor.java:271) ~[junit-jupiter-engine-5.8.2.jar:5.8.2]
	at org.junit.jupiter.engine.descriptor.ClassBasedTestDescriptor$$Lambda$286/0x0000000000000000.getTestInstances(Unknown Source) ~[na:na]
	at org.junit.jupiter.engine.execution.TestInstancesProvider.getTestInstances(TestInstancesProvider.java:31) ~[junit-jupiter-engine-5.8.2.jar:5.8.2]
	at org.junit.jupiter.engine.descriptor.TestMethodTestDescriptor.lambda$prepare$0(TestMethodTestDescriptor.java:102) ~[junit-jupiter-engine-5.8.2.jar:5.8.2]
	at org.junit.jupiter.engine.descriptor.TestMethodTestDescriptor$$Lambda$363/0x0000000000000000.execute(Unknown Source) ~[na:na]
	at org.junit.platform.engine.support.hierarchical.ThrowableCollector.execute(ThrowableCollector.java:73) ~[junit-platform-engine-1.8.2.jar:1.8.2]
	at org.junit.jupiter.engine.descriptor.TestMethodTestDescriptor.prepare(TestMethodTestDescriptor.java:101) ~[junit-jupiter-engine-5.8.2.jar:5.8.2]
	at org.junit.jupiter.engine.descriptor.TestMethodTestDescriptor.prepare(TestMethodTestDescriptor.java:66) ~[junit-jupiter-engine-5.8.2.jar:5.8.2]
	at org.junit.platform.engine.support.hierarchical.NodeTestTask.lambda$prepare$2(NodeTestTask.java:123) ~[junit-platform-engine-1.8.2.jar:1.8.2]
	at org.junit.platform.engine.support.hierarchical.NodeTestTask$$Lambda$230/0x0000000000000000.execute(Unknown Source) ~[na:na]
	at org.junit.platform.engine.support.hierarchical.ThrowableCollector.execute(ThrowableCollector.java:73) ~[junit-platform-engine-1.8.2.jar:1.8.2]
	at org.junit.platform.engine.support.hierarchical.NodeTestTask.prepare(NodeTestTask.java:123) ~[junit-platform-engine-1.8.2.jar:1.8.2]
	at org.junit.platform.engine.support.hierarchical.NodeTestTask.execute(NodeTestTask.java:90) ~[junit-platform-engine-1.8.2.jar:1.8.2]
	at org.junit.platform.engine.support.hierarchical.SameThreadHierarchicalTestExecutorService$$Lambda$231/0x0000000000000000.accept(Unknown Source) ~[na:na]
	at java.base/java.util.ArrayList.forEach(ArrayList.java:1541) ~[na:na]
	at org.junit.platform.engine.support.hierarchical.SameThreadHierarchicalTestExecutorService.invokeAll(SameThreadHierarchicalTestExecutorService.java:41) ~[junit-platform-engine-1.8.2.jar:1.8.2]
	at org.junit.platform.engine.support.hierarchical.NodeTestTask.lambda$executeRecursively$6(NodeTestTask.java:155) ~[junit-platform-engine-1.8.2.jar:1.8.2]
	at org.junit.platform.engine.support.hierarchical.NodeTestTask$$Lambda$860/0x0000000000000000.execute(Unknown Source) ~[na:na]
	at org.junit.platform.engine.support.hierarchical.ThrowableCollector.execute(ThrowableCollector.java:73) ~[junit-platform-engine-1.8.2.jar:1.8.2]
	at org.junit.platform.engine.support.hierarchical.NodeTestTask.lambda$executeRecursively$8(NodeTestTask.java:141) ~[junit-platform-engine-1.8.2.jar:1.8.2]
	at org.junit.platform.engine.support.hierarchical.NodeTestTask$$Lambda$244/0x0000000000000000.invoke(Unknown Source) ~[na:na]
	at org.junit.platform.engine.support.hierarchical.Node.around(Node.java:137) ~[junit-platform-engine-1.8.2.jar:1.8.2]
	at org.junit.platform.engine.support.hierarchical.NodeTestTask.lambda$executeRecursively$9(NodeTestTask.java:139) ~[junit-platform-engine-1.8.2.jar:1.8.2]
	at org.junit.platform.engine.support.hierarchical.NodeTestTask$$Lambda$243/0x0000000000000000.execute(Unknown Source) ~[na:na]
	at org.junit.platform.engine.support.hierarchical.ThrowableCollector.execute(ThrowableCollector.java:73) ~[junit-platform-engine-1.8.2.jar:1.8.2]
	at org.junit.platform.engine.support.hierarchical.NodeTestTask.executeRecursively(NodeTestTask.java:138) ~[junit-platform-engine-1.8.2.jar:1.8.2]
	at org.junit.platform.engine.support.hierarchical.NodeTestTask.execute(NodeTestTask.java:95) ~[junit-platform-engine-1.8.2.jar:1.8.2]
	at org.junit.platform.engine.support.hierarchical.SameThreadHierarchicalTestExecutorService$$Lambda$231/0x0000000000000000.accept(Unknown Source) ~[na:na]
	at java.base/java.util.ArrayList.forEach(ArrayList.java:1541) ~[na:na]
	at org.junit.platform.engine.support.hierarchical.SameThreadHierarchicalTestExecutorService.invokeAll(SameThreadHierarchicalTestExecutorService.java:41) ~[junit-platform-engine-1.8.2.jar:1.8.2]
	at org.junit.platform.engine.support.hierarchical.NodeTestTask.lambda$executeRecursively$6(NodeTestTask.java:155) ~[junit-platform-engine-1.8.2.jar:1.8.2]
	at org.junit.platform.engine.support.hierarchical.NodeTestTask$$Lambda$860/0x0000000000000000.execute(Unknown Source) ~[na:na]
	at org.junit.platform.engine.support.hierarchical.ThrowableCollector.execute(ThrowableCollector.java:73) ~[junit-platform-engine-1.8.2.jar:1.8.2]
	at org.junit.platform.engine.support.hierarchical.NodeTestTask.lambda$executeRecursively$8(NodeTestTask.java:141) ~[junit-platform-engine-1.8.2.jar:1.8.2]
	at org.junit.platform.engine.support.hierarchical.NodeTestTask$$Lambda$244/0x0000000000000000.invoke(Unknown Source) ~[na:na]
	at org.junit.platform.engine.support.hierarchical.Node.around(Node.java:137) ~[junit-platform-engine-1.8.2.jar:1.8.2]
	at org.junit.platform.engine.support.hierarchical.NodeTestTask.lambda$executeRecursively$9(NodeTestTask.java:139) ~[junit-platform-engine-1.8.2.jar:1.8.2]
	at org.junit.platform.engine.support.hierarchical.NodeTestTask$$Lambda$243/0x0000000000000000.execute(Unknown Source) ~[na:na]
	at org.junit.platform.engine.support.hierarchical.ThrowableCollector.execute(ThrowableCollector.java:73) ~[junit-platform-engine-1.8.2.jar:1.8.2]
	at org.junit.platform.engine.support.hierarchical.NodeTestTask.executeRecursively(NodeTestTask.java:138) ~[junit-platform-engine-1.8.2.jar:1.8.2]
	at org.junit.platform.engine.support.hierarchical.NodeTestTask.execute(NodeTestTask.java:95) ~[junit-platform-engine-1.8.2.jar:1.8.2]
	at org.junit.platform.engine.support.hierarchical.SameThreadHierarchicalTestExecutorService.submit(SameThreadHierarchicalTestExecutorService.java:35) ~[junit-platform-engine-1.8.2.jar:1.8.2]
	at org.junit.platform.engine.support.hierarchical.HierarchicalTestExecutor.execute(HierarchicalTestExecutor.java:57) ~[junit-platform-engine-1.8.2.jar:1.8.2]
	at org.junit.platform.engine.support.hierarchical.HierarchicalTestEngine.execute(HierarchicalTestEngine.java:54) ~[junit-platform-engine-1.8.2.jar:1.8.2]
	at org.junit.platform.launcher.core.DefaultLauncher.execute(DefaultLauncher.java:220) ~[junit-platform-launcher-1.3.1.jar:1.3.1]
	at org.junit.platform.launcher.core.DefaultLauncher.lambda$execute$6(DefaultLauncher.java:188) ~[junit-platform-launcher-1.3.1.jar:1.3.1]
	at org.junit.platform.launcher.core.DefaultLauncher$$Lambda$192/0x0000000000000000.accept(Unknown Source) ~[na:na]
	at org.junit.platform.launcher.core.DefaultLauncher.withInterceptedStreams(DefaultLauncher.java:202) ~[junit-platform-launcher-1.3.1.jar:1.3.1]
	at org.junit.platform.launcher.core.DefaultLauncher.execute(DefaultLauncher.java:181) ~[junit-platform-launcher-1.3.1.jar:1.3.1]
	at org.junit.platform.launcher.core.DefaultLauncher.execute(DefaultLauncher.java:128) ~[junit-platform-launcher-1.3.1.jar:1.3.1]
	at org.apache.maven.surefire.junitplatform.JUnitPlatformProvider.invokeAllTests(JUnitPlatformProvider.java:150) ~[surefire-junit-platform-2.22.2.jar:2.22.2]
	at org.apache.maven.surefire.junitplatform.JUnitPlatformProvider.invoke(JUnitPlatformProvider.java:124) ~[surefire-junit-platform-2.22.2.jar:2.22.2]
	at org.apache.maven.surefire.booter.ForkedBooter.invokeProviderInSameClassLoader(ForkedBooter.java:384) ~[surefire-booter-2.22.2.jar:2.22.2]
	at org.apache.maven.surefire.booter.ForkedBooter.runSuitesInProcess(ForkedBooter.java:345) ~[surefire-booter-2.22.2.jar:2.22.2]
	at org.apache.maven.surefire.booter.ForkedBooter.execute(ForkedBooter.java:126) ~[surefire-booter-2.22.2.jar:2.22.2]
	at org.apache.maven.surefire.booter.ForkedBooter.main(ForkedBooter.java:418) ~[surefire-booter-2.22.2.jar:2.22.2]
Caused by: org.springframework.beans.factory.UnsatisfiedDependencyException: Error creating bean with name 'dataSourceScriptDatabaseInitializer' defined in class path resource [org/springframework/boot/autoconfigure/sql/init/DataSourceInitializationConfiguration.class]: Unsatisfied dependency expressed through method 'dataSourceScriptDatabaseInitializer' parameter 0; nested exception is org.springframework.beans.factory.BeanCreationException: Error creating bean with name 'dataSource' defined in class path resource [org/springframework/boot/autoconfigure/jdbc/DataSourceConfiguration$Hikari.class]: Bean instantiation via factory method failed; nested exception is org.springframework.beans.BeanInstantiationException: Failed to instantiate [com.zaxxer.hikari.HikariDataSource]: Factory method 'dataSource' threw exception; nested exception is org.springframework.boot.autoconfigure.jdbc.DataSourceProperties$DataSourceBeanCreationException: Failed to determine a suitable driver class
	at org.springframework.beans.factory.support.ConstructorResolver.createArgumentArray(ConstructorResolver.java:800) ~[spring-beans-5.3.15.jar:5.3.15]
	at org.springframework.beans.factory.support.ConstructorResolver.instantiateUsingFactoryMethod(ConstructorResolver.java:541) ~[spring-beans-5.3.15.jar:5.3.15]
	at org.springframework.beans.factory.support.AbstractAutowireCapableBeanFactory.instantiateUsingFactoryMethod(AbstractAutowireCapableBeanFactory.java:1352) ~[spring-beans-5.3.15.jar:5.3.15]
	at org.springframework.beans.factory.support.AbstractAutowireCapableBeanFactory.createBeanInstance(AbstractAutowireCapableBeanFactory.java:1195) ~[spring-beans-5.3.15.jar:5.3.15]
	at org.springframework.beans.factory.support.AbstractAutowireCapableBeanFactory.doCreateBean(AbstractAutowireCapableBeanFactory.java:582) ~[spring-beans-5.3.15.jar:5.3.15]
	at org.springframework.beans.factory.support.AbstractAutowireCapableBeanFactory.createBean(AbstractAutowireCapableBeanFactory.java:542) ~[spring-beans-5.3.15.jar:5.3.15]
	at org.springframework.beans.factory.support.AbstractBeanFactory.lambda$doGetBean$0(AbstractBeanFactory.java:335) ~[spring-beans-5.3.15.jar:5.3.15]
	at org.springframework.beans.factory.support.AbstractBeanFactory$$Lambda$513/0x0000000000000000.getObject(Unknown Source) ~[na:na]
	at org.springframework.beans.factory.support.DefaultSingletonBeanRegistry.getSingleton(DefaultSingletonBeanRegistry.java:234) ~[spring-beans-5.3.15.jar:5.3.15]
	at org.springframework.beans.factory.support.AbstractBeanFactory.doGetBean(AbstractBeanFactory.java:333) ~[spring-beans-5.3.15.jar:5.3.15]
	at org.springframework.beans.factory.support.AbstractBeanFactory.getBean(AbstractBeanFactory.java:208) ~[spring-beans-5.3.15.jar:5.3.15]
	at org.springframework.beans.factory.support.AbstractBeanFactory.doGetBean(AbstractBeanFactory.java:322) ~[spring-beans-5.3.15.jar:5.3.15]
	at org.springframework.beans.factory.support.AbstractBeanFactory.getBean(AbstractBeanFactory.java:208) ~[spring-beans-5.3.15.jar:5.3.15]
	at org.springframework.context.support.AbstractApplicationContext.getBean(AbstractApplicationContext.java:1154) ~[spring-context-5.3.15.jar:5.3.15]
	at org.springframework.context.support.AbstractApplicationContext.finishBeanFactoryInitialization(AbstractApplicationContext.java:908) ~[spring-context-5.3.15.jar:5.3.15]
	at org.springframework.context.support.AbstractApplicationContext.refresh(AbstractApplicationContext.java:583) ~[spring-context-5.3.15.jar:5.3.15]
	at org.springframework.boot.SpringApplication.refresh(SpringApplication.java:732) ~[spring-boot-2.6.3.jar:2.6.3]
	at org.springframework.boot.SpringApplication.refreshContext(SpringApplication.java:414) ~[spring-boot-2.6.3.jar:2.6.3]
	at org.springframework.boot.SpringApplication.run(SpringApplication.java:302) ~[spring-boot-2.6.3.jar:2.6.3]
	at org.springframework.boot.test.context.SpringBootContextLoader.loadContext(SpringBootContextLoader.java:136) ~[spring-boot-test-2.6.3.jar:2.6.3]
	at org.springframework.test.context.cache.DefaultCacheAwareContextLoaderDelegate.loadContextInternal(DefaultCacheAwareContextLoaderDelegate.java:99) ~[spring-test-5.3.15.jar:5.3.15]
	at org.springframework.test.context.cache.DefaultCacheAwareContextLoaderDelegate.loadContext(DefaultCacheAwareContextLoaderDelegate.java:124) ~[spring-test-5.3.15.jar:5.3.15]
	... 84 common frames omitted
Caused by: org.springframework.beans.factory.BeanCreationException: Error creating bean with name 'dataSource' defined in class path resource [org/springframework/boot/autoconfigure/jdbc/DataSourceConfiguration$Hikari.class]: Bean instantiation via factory method failed; nested exception is org.springframework.beans.BeanInstantiationException: Failed to instantiate [com.zaxxer.hikari.HikariDataSource]: Factory method 'dataSource' threw exception; nested exception is org.springframework.boot.autoconfigure.jdbc.DataSourceProperties$DataSourceBeanCreationException: Failed to determine a suitable driver class
	at org.springframework.beans.factory.support.ConstructorResolver.instantiate(ConstructorResolver.java:658) ~[spring-beans-5.3.15.jar:5.3.15]
	at org.springframework.beans.factory.support.ConstructorResolver.instantiateUsingFactoryMethod(ConstructorResolver.java:638) ~[spring-beans-5.3.15.jar:5.3.15]
	at org.springframework.beans.factory.support.AbstractAutowireCapableBeanFactory.instantiateUsingFactoryMethod(AbstractAutowireCapableBeanFactory.java:1352) ~[spring-beans-5.3.15.jar:5.3.15]
	at org.springframework.beans.factory.support.AbstractAutowireCapableBeanFactory.createBeanInstance(AbstractAutowireCapableBeanFactory.java:1195) ~[spring-beans-5.3.15.jar:5.3.15]
	at org.springframework.beans.factory.support.AbstractAutowireCapableBeanFactory.doCreateBean(AbstractAutowireCapableBeanFactory.java:582) ~[spring-beans-5.3.15.jar:5.3.15]
	at org.springframework.beans.factory.support.AbstractAutowireCapableBeanFactory.createBean(AbstractAutowireCapableBeanFactory.java:542) ~[spring-beans-5.3.15.jar:5.3.15]
	at org.springframework.beans.factory.support.AbstractBeanFactory.lambda$doGetBean$0(AbstractBeanFactory.java:335) ~[spring-beans-5.3.15.jar:5.3.15]
	at org.springframework.beans.factory.support.AbstractBeanFactory$$Lambda$513/0x0000000000000000.getObject(Unknown Source) ~[na:na]
	at org.springframework.beans.factory.support.DefaultSingletonBeanRegistry.getSingleton(DefaultSingletonBeanRegistry.java:234) ~[spring-beans-5.3.15.jar:5.3.15]
	at org.springframework.beans.factory.support.AbstractBeanFactory.doGetBean(AbstractBeanFactory.java:333) ~[spring-beans-5.3.15.jar:5.3.15]
	at org.springframework.beans.factory.support.AbstractBeanFactory.getBean(AbstractBeanFactory.java:208) ~[spring-beans-5.3.15.jar:5.3.15]
	at org.springframework.beans.factory.config.DependencyDescriptor.resolveCandidate(DependencyDescriptor.java:276) ~[spring-beans-5.3.15.jar:5.3.15]
	at org.springframework.beans.factory.support.DefaultListableBeanFactory.doResolveDependency(DefaultListableBeanFactory.java:1389) ~[spring-beans-5.3.15.jar:5.3.15]
	at org.springframework.beans.factory.support.DefaultListableBeanFactory.resolveDependency(DefaultListableBeanFactory.java:1309) ~[spring-beans-5.3.15.jar:5.3.15]
	at org.springframework.beans.factory.support.ConstructorResolver.resolveAutowiredArgument(ConstructorResolver.java:887) ~[spring-beans-5.3.15.jar:5.3.15]
	at org.springframework.beans.factory.support.ConstructorResolver.createArgumentArray(ConstructorResolver.java:791) ~[spring-beans-5.3.15.jar:5.3.15]
	... 105 common frames omitted
Caused by: org.springframework.beans.BeanInstantiationException: Failed to instantiate [com.zaxxer.hikari.HikariDataSource]: Factory method 'dataSource' threw exception; nested exception is org.springframework.boot.autoconfigure.jdbc.DataSourceProperties$DataSourceBeanCreationException: Failed to determine a suitable driver class
	at org.springframework.beans.factory.support.SimpleInstantiationStrategy.instantiate(SimpleInstantiationStrategy.java:185) ~[spring-beans-5.3.15.jar:5.3.15]
	at org.springframework.beans.factory.support.ConstructorResolver.instantiate(ConstructorResolver.java:653) ~[spring-beans-5.3.15.jar:5.3.15]
	... 120 common frames omitted
Caused by: org.springframework.boot.autoconfigure.jdbc.DataSourceProperties$DataSourceBeanCreationException: Failed to determine a suitable driver class
	at org.springframework.boot.autoconfigure.jdbc.DataSourceProperties.determineDriverClassName(DataSourceProperties.java:252) ~[spring-boot-autoconfigure-2.6.3.jar:2.6.3]
	at org.springframework.boot.autoconfigure.jdbc.DataSourceProperties.initializeDataSourceBuilder(DataSourceProperties.java:193) ~[spring-boot-autoconfigure-2.6.3.jar:2.6.3]
	at org.springframework.boot.autoconfigure.jdbc.DataSourceConfiguration.createDataSource(DataSourceConfiguration.java:48) ~[spring-boot-autoconfigure-2.6.3.jar:2.6.3]
	at org.springframework.boot.autoconfigure.jdbc.DataSourceConfiguration$Hikari.dataSource(DataSourceConfiguration.java:90) ~[spring-boot-autoconfigure-2.6.3.jar:2.6.3]
	at java.base/jdk.internal.reflect.NativeMethodAccessorImpl.invoke0(Native Method) ~[na:na]
	at java.base/jdk.internal.reflect.NativeMethodAccessorImpl.invoke(NativeMethodAccessorImpl.java:62) ~[na:na]
	at java.base/jdk.internal.reflect.DelegatingMethodAccessorImpl.invoke(DelegatingMethodAccessorImpl.java:43) ~[na:na]
	at java.base/java.lang.reflect.Method.invoke(Method.java:566) ~[na:na]
	at org.springframework.beans.factory.support.SimpleInstantiationStrategy.instantiate(SimpleInstantiationStrategy.java:154) ~[spring-beans-5.3.15.jar:5.3.15]
	... 121 common frames omitted

]]></system-out>
  </testcase>
</testsuite>